Running: C:\Xilinx\14.7\ISE_DS\ISE\bin\nt\unwrapped\fuse.exe -intstyle ise -incremental -lib unisims_ver -lib unimacro_ver -lib xilinxcorelib_ver -o C:/Users/teramoto_2/Documents/works/FPGA/project/and/and_sim_isim_beh.exe -prj C:/Users/teramoto_2/Documents/works/FPGA/project/and/and_sim_beh.prj work.and_sim work.glbl 
ISim P.20131013 (signature 0x8ef4fb42)
Number of CPUs detected in this system: 2
Turning on mult-threading, number of parallel sub-compilation jobs: 4 
Determining compilation order of HDL files
Analyzing Verilog file "C:/Users/teramoto_2/Documents/works/FPGA/project/and/and.v" into library work
Analyzing Verilog file "C:/Users/teramoto_2/Documents/works/FPGA/project/and/and_sim.v" into library work
Analyzing Verilog file "C:/Xilinx/14.7/ISE_DS/ISE//verilog/src/glbl.v" into library work
Starting static elaboration
Completed static elaboration
Fuse Memory Usage: 103500 KB
Fuse CPU Usage: 311 ms
Compiling module AND
Compiling module and_sim
Compiling module glbl
Time Resolution for simulation is 1ps.
Waiting for 1 sub-compilation(s) to finish...
Compiled 3 Verilog Units
Built simulation executable C:/Users/teramoto_2/Documents/works/FPGA/project/and/and_sim_isim_beh.exe
Fuse Memory Usage: 108092 KB
Fuse CPU Usage: 390 ms
