Running: fuse.exe -relaunch -intstyle "ise" -incremental -lib "unisims_ver" -lib "unimacro_ver" -lib "xilinxcorelib_ver" -o "C:/Users/teramoto_2/Documents/works/FPGA/ISE/ADcon/ADtest_isim_beh.exe" -prj "C:/Users/teramoto_2/Documents/works/FPGA/ISE/ADcon/ADtest_beh.prj" "work.ADtest" "work.glbl" 
ISim P.20131013 (signature 0x8ef4fb42)
Number of CPUs detected in this system: 2
Turning on mult-threading, number of parallel sub-compilation jobs: 4 
Determining compilation order of HDL files
Analyzing Verilog file "C:/Users/teramoto_2/Documents/works/FPGA/ISE/ADcon/ADcon.v" into library work
Analyzing Verilog file "C:/Users/teramoto_2/Documents/works/FPGA/ISE/ADcon/ADtest.v" into library work
Analyzing Verilog file "C:/Xilinx/14.7/ISE_DS/ISE//verilog/src/glbl.v" into library work
Starting static elaboration
Completed static elaboration
Fuse Memory Usage: 104396 KB
Fuse CPU Usage: 249 ms
Compiling module ADcon
Compiling module ADtest
Compiling module glbl
Time Resolution for simulation is 1ps.
Waiting for 2 sub-compilation(s) to finish...
Compiled 3 Verilog Units
Built simulation executable C:/Users/teramoto_2/Documents/works/FPGA/ISE/ADcon/ADtest_isim_beh.exe
Fuse Memory Usage: 108988 KB
Fuse CPU Usage: 327 ms
