#-----------------------------------------------------------
# PlanAhead v14.7 (64-bit)
# Build 321239 by xbuild on Fri Sep 27 19:29:51 MDT 2013
# Start of session at: Mon Apr 27 15:53:10 2015
# Process ID: 1720
# Log file: C:/Users/Kishine/Documents/kenkyu/workspace/DAcon/planAhead_run_1/planAhead.log
# Journal file: C:/Users/Kishine/Documents/kenkyu/workspace/DAcon/planAhead_run_1/planAhead.jou
#-----------------------------------------------------------
INFO: [Common 17-78] Attempting to get a license: PlanAhead
INFO: [Common 17-290] Got license for PlanAhead
INFO: [Common 17-86] Your PlanAhead license expires in -148 day(s)
INFO: [Device 21-36] Loading parts and site information from C:/Xilinx/14.7/ISE_DS/PlanAhead/data/parts/arch.xml
Parsing RTL primitives file [C:/Xilinx/14.7/ISE_DS/PlanAhead/data/parts/xilinx/rtl/prims/rtl_prims.xml]
Finished parsing RTL primitives file [C:/Xilinx/14.7/ISE_DS/PlanAhead/data/parts/xilinx/rtl/prims/rtl_prims.xml]
start_gui
source C:/Users/Kishine/Documents/kenkyu/workspace/DAcon/pa.fromHdl.tcl
# create_project -name DAcon -dir "C:/Users/Kishine/Documents/kenkyu/workspace/DAcon/planAhead_run_1" -part xc3s700afg400-4
# set_param project.pinAheadLayout yes
# set srcset [get_property srcset [current_run -impl]]
# set_property target_constrs_file "ADcon.ucf" [current_fileset -constrset]
Adding file 'C:/Users/Kishine/Documents/kenkyu/workspace/DAcon/ADcon.ucf' to fileset 'constrs_1'
# set hdlfile [add_files [list {ADcon.v}]]
# set_property file_type Verilog $hdlfile
# set_property library work $hdlfile
# set_property top ADcon $srcset
# add_files [list {ADcon.ucf}] -fileset [get_property constrset [current_run]]
# open_rtl_design -part xc3s700afg400-4
Using Verific elaboration
Parsing VHDL file "C:/Xilinx/14.7/ISE_DS/PlanAhead/data/parts/xilinx/rtl/lib/synplify/synattr.vhd" into library synplify
Analyzing Verilog file "C:/Users/Kishine/Documents/kenkyu/workspace/DAcon/ADcon.v" into library work
INFO: [Designutils 20-910] Reading macro library C:/Xilinx/14.7/ISE_DS/PlanAhead/data\./parts/xilinx/spartan3a/hd_int_macros.edn
Parsing EDIF File [C:/Xilinx/14.7/ISE_DS/PlanAhead/data\./parts/xilinx/spartan3a/hd_int_macros.edn]
Finished Parsing EDIF File [C:/Xilinx/14.7/ISE_DS/PlanAhead/data\./parts/xilinx/spartan3a/hd_int_macros.edn]
Loading clock regions from C:/Xilinx/14.7/ISE_DS/PlanAhead/data\parts/xilinx/spartan3a/spartan3a/xc3s700a/ClockRegion.xml
Loading clock buffers from C:/Xilinx/14.7/ISE_DS/PlanAhead/data\parts/xilinx/spartan3a/spartan3a/xc3s700a/ClockBuffers.xml
Loading package from C:/Xilinx/14.7/ISE_DS/PlanAhead/data\parts/xilinx/spartan3a/spartan3a/xc3s700a/fg400/Package.xml
Loading io standards from C:/Xilinx/14.7/ISE_DS/PlanAhead/data\./parts/xilinx/spartan3a/IOStandards.xml
INFO: [Device 21-19] Loading pkg sso from C:/Xilinx/14.7/ISE_DS/PlanAhead/data\parts/xilinx/spartan3a/spartan3a/xc3s700a/fg400/SSORules.xml
Loading list of drcs for the architecture : C:/Xilinx/14.7/ISE_DS/PlanAhead/data\./parts/xilinx/spartan3a/drc.xml
INFO: [Timing 38-77] Reading timing library C:/Xilinx/14.7/ISE_DS/PlanAhead/data\parts/xilinx/spartan3a/spartan3a/spartan3a-4.lib.
INFO: [Timing 38-34] Done reading timing library C:/Xilinx/14.7/ISE_DS/PlanAhead/data\parts/xilinx/spartan3a/spartan3a/spartan3a-4.lib.
Parsing UCF File [C:/Users/Kishine/Documents/kenkyu/workspace/DAcon/ADcon.ucf]
Finished Parsing UCF File [C:/Users/Kishine/Documents/kenkyu/workspace/DAcon/ADcon.ucf]
INFO: [Project 1-111] Unisim Transformation Summary:
No Unisim elements were transformed.

Phase 0 | Netlist Checksum: 12717983
open_rtl_design: Time (s): elapsed = 00:00:09 . Memory (MB): peak = 611.410 ; gain = 134.301
update_compile_order -fileset sim_1
startgroup
set_property package_pin U11 [get_ports CLK]
endgroup
exit
ERROR: [PlanAhead 12-106] *** Exception: ui.h.b: Found deleted key in HTclEventBroker. Verify if the classes listed here call cleanup()
HTclEvent: SIGNAL_BUS_MODIFY   Classes: ui.views.aR 
HTclEvent: DEBUG_CORE_CONFIG_CHANGE   Classes: ui.views.aR 
HTclEvent: SIGNAL_MODIFY   Classes: ui.views.aR 
HTclEvent: DEBUG_PORT_CONFIG_CHANGE   Classes: ui.views.aR 
 (See C:/Users/Kishine/Documents/kenkyu/workspace/DAcon\planAhead_pid1720.debug)
ERROR: [Common 17-39] 'stop_gui' failed due to earlier errors.
INFO: [Common 17-206] Exiting PlanAhead at Mon Apr 27 16:00:44 2015...
INFO: [Common 17-83] Releasing license: PlanAhead
