Release 14.7 - xst P.20131013 (nt)
Copyright (c) 1995-2013 Xilinx, Inc.  All rights reserved.
--> Parameter TMPDIR set to xst/projnav.tmp


Total REAL time to Xst completion: 4.00 secs
Total CPU time to Xst completion: 3.84 secs
 
--> Parameter xsthdpdir set to xst


Total REAL time to Xst completion: 4.00 secs
Total CPU time to Xst completion: 3.84 secs
 
--> Reading design: ADcon.prj

TABLE OF CONTENTS
  1) Synthesis Options Summary
  2) HDL Compilation
  3) Design Hierarchy Analysis
  4) HDL Analysis
  5) HDL Synthesis
     5.1) HDL Synthesis Report
  6) Advanced HDL Synthesis
     6.1) Advanced HDL Synthesis Report
  7) Low Level Synthesis
  8) Partition Report
  9) Final Report
	9.1) Device utilization summary
	9.2) Partition Resource Summary
	9.3) TIMING REPORT


=========================================================================
*                      Synthesis Options Summary                        *
=========================================================================
---- Source Parameters
Input File Name                    : "ADcon.prj"
Input Format                       : mixed
Ignore Synthesis Constraint File   : NO

---- Target Parameters
Output File Name                   : "ADcon"
Output Format                      : NGC
Target Device                      : xc3s700a-4-fg400

---- Source Options
Top Module Name                    : ADcon
Automatic FSM Extraction           : YES
FSM Encoding Algorithm             : Auto
Safe Implementation                : No
FSM Style                          : LUT
RAM Extraction                     : Yes
RAM Style                          : Auto
ROM Extraction                     : Yes
Mux Style                          : Auto
Decoder Extraction                 : YES
Priority Encoder Extraction        : Yes
Shift Register Extraction          : YES
Logical Shifter Extraction         : YES
XOR Collapsing                     : YES
ROM Style                          : Auto
Mux Extraction                     : Yes
Resource Sharing                   : YES
Asynchronous To Synchronous        : NO
Multiplier Style                   : Auto
Automatic Register Balancing       : No

---- Target Options
Add IO Buffers                     : YES
Global Maximum Fanout              : 800
Add Generic Clock Buffer(BUFG)     : 24
Register Duplication               : YES
Slice Packing                      : YES
Optimize Instantiated Primitives   : NO
Use Clock Enable                   : Yes
Use Synchronous Set                : Yes
Use Synchronous Reset              : Yes
Pack IO Registers into IOBs        : True
Equivalent register Removal        : NO

---- General Options
Optimization Goal                  : Speed
Optimization Effort                : 1
Keep Hierarchy                     : Soft
Netlist Hierarchy                  : As_Optimized
RTL Output                         : Yes
Global Optimization                : AllClockNets
Read Cores                         : NO
Write Timing Constraints           : NO
Cross Clock Analysis               : NO
Hierarchy Separator                : /
Bus Delimiter                      : <>
Case Specifier                     : Maintain
Slice Utilization Ratio            : 100
BRAM Utilization Ratio             : 100
Verilog 2001                       : YES
Auto BRAM Packing                  : NO
Slice Utilization Ratio Delta      : 5

=========================================================================


=========================================================================
*                          HDL Compilation                              *
=========================================================================
Compiling verilog file "ADcon.v" in library work
Module <ADcon> compiled
No errors in compilation
Analysis of file <"ADcon.prj"> succeeded.
 

=========================================================================
*                     Design Hierarchy Analysis                         *
=========================================================================
Analyzing hierarchy for module <ADcon> in library <work>.


=========================================================================
*                            HDL Analysis                               *
=========================================================================
Analyzing top module <ADcon>.
Module <ADcon> is correct for synthesis.
 

=========================================================================
*                           HDL Synthesis                               *
=========================================================================

Performing bidirectional port resolution...

Synthesizing Unit <ADcon>.
    Related source file is "ADcon.v".
    Found 1-bit register for signal <CSLD>.
    Found 1-bit register for signal <SCK>.
    Found 13-bit up counter for signal <aa>.
    Found 8-bit up counter for signal <CLK2>.
    Found 16-bit register for signal <Din>.
    Summary:
	inferred   2 Counter(s).
	inferred  18 D-type flip-flop(s).
Unit <ADcon> synthesized.


=========================================================================
HDL Synthesis Report

Macro Statistics
# Counters                                             : 2
 13-bit up counter                                     : 1
 8-bit up counter                                      : 1
# Registers                                            : 18
 1-bit register                                        : 18

=========================================================================

=========================================================================
*                       Advanced HDL Synthesis                          *
=========================================================================


=========================================================================
Advanced HDL Synthesis Report

Macro Statistics
# Counters                                             : 2
 13-bit up counter                                     : 1
 8-bit up counter                                      : 1
# Registers                                            : 18
 Flip-Flops                                            : 18

=========================================================================

=========================================================================
*                         Low Level Synthesis                           *
=========================================================================

Optimizing unit <ADcon> ...

Mapping all equations...
Building and optimizing final netlist ...
Found area constraint ratio of 100 (+ 5) on block ADcon, actual ratio is 0.
Replicating register CSLD to handle IOB=TRUE attribute
Replicating register SCK to handle IOB=TRUE attribute
Replicating register Din_15 to handle IOB=TRUE attribute


Final Macro Processing ...

Processing Unit <ADcon> :
	Found 16-bit shift register for signal <Din_14>.
Unit <ADcon> processed.

=========================================================================
Final Register Report

Macro Statistics
# Registers                                            : 26
 Flip-Flops                                            : 26
# Shift Registers                                      : 1
 16-bit shift register                                 : 1

=========================================================================

=========================================================================
*                           Partition Report                            *
=========================================================================

Partition Implementation Status
-------------------------------

  No Partitions were found in this design.

-------------------------------

=========================================================================
*                            Final Report                               *
=========================================================================
Final Results
RTL Top Level Output File Name     : ADcon.ngr
Top Level Output File Name         : ADcon
Output Format                      : NGC
Optimization Goal                  : Speed
Keep Hierarchy                     : Soft

Design Statistics
# IOs                              : 4

Cell Usage :
# BELS                             : 72
#      GND                         : 1
#      INV                         : 2
#      LUT1                        : 19
#      LUT2                        : 1
#      LUT3                        : 2
#      LUT4                        : 3
#      LUT4_D                      : 1
#      LUT4_L                      : 2
#      MUXCY                       : 19
#      VCC                         : 1
#      XORCY                       : 21
# FlipFlops/Latches                : 27
#      FD                          : 25
#      FDE                         : 2
# Shift Registers                  : 1
#      SRL16E                      : 1
# Clock Buffers                    : 1
#      BUFGP                       : 1
# IO Buffers                       : 3
#      OBUF                        : 3
=========================================================================

Device utilization summary:
---------------------------

Selected Device : 3s700afg400-4 

 Number of Slices:                       16  out of   5888     0%  
 Number of Slice Flip Flops:             24  out of  11776     0%  
 Number of 4 input LUTs:                 31  out of  11776     0%  
    Number used as logic:                30
    Number used as Shift registers:       1
 Number of IOs:                           4
 Number of bonded IOBs:                   4  out of    311     1%  
    IOB Flip Flops:                       3
 Number of GCLKs:                         1  out of     24     4%  

---------------------------
Partition Resource Summary:
---------------------------

  No Partitions were found in this design.

---------------------------


=========================================================================
TIMING REPORT

NOTE: THESE TIMING NUMBERS ARE ONLY A SYNTHESIS ESTIMATE.
      FOR ACCURATE TIMING INFORMATION PLEASE REFER TO THE TRACE REPORT
      GENERATED AFTER PLACE-and-ROUTE.

Clock Information:
------------------
-----------------------------------+------------------------+-------+
Clock Signal                       | Clock buffer(FF name)  | Load  |
-----------------------------------+------------------------+-------+
CLK                                | BUFGP                  | 28    |
-----------------------------------+------------------------+-------+

Asynchronous Control Signals Information:
----------------------------------------
No asynchronous control signals found in this design

Timing Summary:
---------------
Speed Grade: -4

   Minimum period: 4.842ns (Maximum Frequency: 206.526MHz)
   Minimum input arrival time before clock: No path found
   Maximum output required time after clock: 5.531ns
   Maximum combinational path delay: No path found

Timing Detail:
--------------
All values displayed in nanoseconds (ns)

=========================================================================
Timing constraint: Default period analysis for Clock 'CLK'
  Clock period: 4.842ns (frequency: 206.526MHz)
  Total number of paths / destination ports: 202 / 31
-------------------------------------------------------------------------
Delay:               4.842ns (Levels of Logic = 3)
  Source:            CLK2_4 (FF)
  Destination:       Mshreg_Din_14 (FF)
  Source Clock:      CLK rising
  Destination Clock: CLK rising

  Data Path: CLK2_4 to Mshreg_Din_14
                                Gate     Net
    Cell:in->out      fanout   Delay   Delay  Logical Name (Net Name)
    ----------------------------------------  ------------
     FD:C->Q               2   0.591   0.590  CLK2_4 (CLK2_4)
     LUT4:I0->O            1   0.648   0.423  Din_15_cmp_eq00001_SW0 (N01)
     LUT4_D:I3->LO         1   0.648   0.180  Din_15_cmp_eq00001 (N4)
     LUT2:I1->O            3   0.643   0.531  Din_15_cmp_eq00002 (Din_15_cmp_eq0000)
     SRL16E:CE                 0.588          Mshreg_Din_14
    ----------------------------------------
    Total                      4.842ns (3.118ns logic, 1.724ns route)
                                       (64.4% logic, 35.6% route)

=========================================================================
Timing constraint: Default OFFSET OUT AFTER for Clock 'CLK'
  Total number of paths / destination ports: 3 / 3
-------------------------------------------------------------------------
Offset:              5.531ns (Levels of Logic = 1)
  Source:            CSLD (FF)
  Destination:       CSLD (PAD)
  Source Clock:      CLK rising

  Data Path: CSLD to CSLD
                                Gate     Net
    Cell:in->out      fanout   Delay   Delay  Logical Name (Net Name)
    ----------------------------------------  ------------
     FD:C->Q               1   0.591   0.420  CSLD (CSLD_OBUF)
     OBUF:I->O                 4.520          CSLD_OBUF (CSLD)
    ----------------------------------------
    Total                      5.531ns (5.111ns logic, 0.420ns route)
                                       (92.4% logic, 7.6% route)

=========================================================================


Total REAL time to Xst completion: 10.00 secs
Total CPU time to Xst completion: 9.97 secs
 
--> 

Total memory usage is 202048 kilobytes

Number of errors   :    0 (   0 filtered)
Number of warnings :    0 (   0 filtered)
Number of infos    :    0 (   0 filtered)

