--------------------------------------------------------------------------------
Release 14.7 Trace  (nt64)
Copyright (c) 1995-2013 Xilinx, Inc.  All rights reserved.

C:\Xilinx\14.7\ISE_DS\ISE\bin\nt64\unwrapped\trce.exe -filter
C:/Users/Kishine/Documents/kenkyu/workspace/DA_AD/iseconfig/filter.filter
-intstyle ise -e 3 -s 4 -n 0 -xml DA_AD.twx DA_AD.ncd -o DA_AD.twr DA_AD.pcf
-ucf DA_AD.ucf

Design file:              DA_AD.ncd
Physical constraint file: DA_AD.pcf
Device,package,speed:     xc3s700a,fg400,-4 (PRODUCTION 1.42 2013-10-13)
Report level:             error report

Environment Variable      Effect 
--------------------      ------ 
NONE                      No environment variables were set
--------------------------------------------------------------------------------

INFO:Timing:2698 - No timing constraints found, doing default enumeration.
INFO:Timing:3412 - To improve timing, see the Timing Closure User Guide (UG612).
INFO:Timing:2752 - To get complete path coverage, use the unconstrained paths 
   option. All paths that are not constrained will be reported in the 
   unconstrained paths section(s) of the report.
INFO:Timing:3339 - The clock-to-out numbers in this timing report are based on 
   a 50 Ohm transmission line loading model.  For the details of this model, 
   and for more information on accounting for different loading conditions, 
   please see the device datasheet.
INFO:Timing:3390 - This architecture does not support a default System Jitter 
   value, please add SYSTEM_JITTER constraint to the UCF to modify the Clock 
   Uncertainty calculation.
INFO:Timing:3389 - This architecture does not support 'Discrete Jitter' and 
   'Phase Error' calculations, these terms will be zero in the Clock 
   Uncertainty calculation.  Please make appropriate modification to 
   SYSTEM_JITTER to account for the unsupported Discrete Jitter and Phase 
   Error.



Data Sheet report:
-----------------
All values displayed in nanoseconds (ns)

Setup/Hold to clock CLK
------------+------------+------------+------------------+--------+
            |Max Setup to|Max Hold to |                  | Clock  |
Source      | clk (edge) | clk (edge) |Internal Clock(s) | Phase  |
------------+------------+------------+------------------+--------+
SDOUT       |    0.891(R)|    0.135(R)|CLK_BUFGP         |   0.000|
------------+------------+------------+------------------+--------+

Clock CLK to Pad
------------+------------+------------------+--------+
            | clk (edge) |                  | Clock  |
Destination |   to PAD   |Internal Clock(s) | Phase  |
------------+------------+------------------+--------+
CSLD1       |    6.429(R)|CLK_BUFGP         |   0.000|
CSLD2       |    6.391(R)|CLK_BUFGP         |   0.000|
CSLD3       |    6.378(R)|CLK_BUFGP         |   0.000|
SCK1        |    6.420(R)|CLK_BUFGP         |   0.000|
SCK2        |    6.429(R)|CLK_BUFGP         |   0.000|
SCK3        |    6.432(R)|CLK_BUFGP         |   0.000|
SDIN1       |    6.391(R)|CLK_BUFGP         |   0.000|
SDIN2       |    6.385(R)|CLK_BUFGP         |   0.000|
SDIN3       |    6.385(R)|CLK_BUFGP         |   0.000|
count11<0>  |    6.450(R)|CLK_BUFGP         |   0.000|
count11<1>  |    6.450(R)|CLK_BUFGP         |   0.000|
count11<2>  |    6.446(R)|CLK_BUFGP         |   0.000|
count11<3>  |    6.446(R)|CLK_BUFGP         |   0.000|
count11<4>  |    6.438(R)|CLK_BUFGP         |   0.000|
count11<5>  |    6.438(R)|CLK_BUFGP         |   0.000|
count11<6>  |    6.438(R)|CLK_BUFGP         |   0.000|
count11<7>  |    6.438(R)|CLK_BUFGP         |   0.000|
count11<8>  |    6.400(R)|CLK_BUFGP         |   0.000|
count11<9>  |    6.420(R)|CLK_BUFGP         |   0.000|
count11<10> |    6.425(R)|CLK_BUFGP         |   0.000|
count11<11> |    6.420(R)|CLK_BUFGP         |   0.000|
count11<12> |    6.400(R)|CLK_BUFGP         |   0.000|
count11<13> |    6.425(R)|CLK_BUFGP         |   0.000|
count11<14> |    6.401(R)|CLK_BUFGP         |   0.000|
count11<15> |    6.393(R)|CLK_BUFGP         |   0.000|
------------+------------+------------------+--------+

Clock to Setup on destination clock CLK
---------------+---------+---------+---------+---------+
               | Src:Rise| Src:Fall| Src:Rise| Src:Fall|
Source Clock   |Dest:Rise|Dest:Rise|Dest:Fall|Dest:Fall|
---------------+---------+---------+---------+---------+
CLK            |    9.024|         |         |         |
---------------+---------+---------+---------+---------+


Analysis completed FRI 29 MAY 17:10:47 2015 
--------------------------------------------------------------------------------

Trace Settings:
-------------------------
Trace Settings 

Peak Memory Usage: 189 MB



