Release 14.7 - xst P.20131013 (nt64)
Copyright (c) 1995-2013 Xilinx, Inc.  All rights reserved.
--> Parameter TMPDIR set to xst/projnav.tmp


Total REAL time to Xst completion: 0.00 secs
Total CPU time to Xst completion: 0.10 secs
 
--> Parameter xsthdpdir set to xst


Total REAL time to Xst completion: 0.00 secs
Total CPU time to Xst completion: 0.10 secs
 
--> Reading design: DA_AD.prj

TABLE OF CONTENTS
  1) Synthesis Options Summary
  2) HDL Compilation
  3) Design Hierarchy Analysis
  4) HDL Analysis
  5) HDL Synthesis
     5.1) HDL Synthesis Report
  6) Advanced HDL Synthesis
     6.1) Advanced HDL Synthesis Report
  7) Low Level Synthesis
  8) Partition Report
  9) Final Report
	9.1) Device utilization summary
	9.2) Partition Resource Summary
	9.3) TIMING REPORT


=========================================================================
*                      Synthesis Options Summary                        *
=========================================================================
---- Source Parameters
Input File Name                    : "DA_AD.prj"
Input Format                       : mixed
Ignore Synthesis Constraint File   : NO

---- Target Parameters
Output File Name                   : "DA_AD"
Output Format                      : NGC
Target Device                      : xc3s700a-4-fg400

---- Source Options
Top Module Name                    : DA_AD
Automatic FSM Extraction           : YES
FSM Encoding Algorithm             : Auto
Safe Implementation                : No
FSM Style                          : LUT
RAM Extraction                     : Yes
RAM Style                          : Auto
ROM Extraction                     : Yes
Mux Style                          : Auto
Decoder Extraction                 : YES
Priority Encoder Extraction        : Yes
Shift Register Extraction          : YES
Logical Shifter Extraction         : YES
XOR Collapsing                     : YES
ROM Style                          : Auto
Mux Extraction                     : Yes
Resource Sharing                   : YES
Asynchronous To Synchronous        : NO
Multiplier Style                   : Auto
Automatic Register Balancing       : No

---- Target Options
Add IO Buffers                     : YES
Global Maximum Fanout              : 800
Add Generic Clock Buffer(BUFG)     : 24
Register Duplication               : YES
Slice Packing                      : YES
Optimize Instantiated Primitives   : NO
Use Clock Enable                   : Yes
Use Synchronous Set                : Yes
Use Synchronous Reset              : Yes
Pack IO Registers into IOBs        : True
Equivalent register Removal        : NO

---- General Options
Optimization Goal                  : Speed
Optimization Effort                : 1
Keep Hierarchy                     : Soft
Netlist Hierarchy                  : As_Optimized
RTL Output                         : Yes
Global Optimization                : AllClockNets
Read Cores                         : NO
Write Timing Constraints           : NO
Cross Clock Analysis               : NO
Hierarchy Separator                : /
Bus Delimiter                      : <>
Case Specifier                     : Maintain
Slice Utilization Ratio            : 100
BRAM Utilization Ratio             : 100
Verilog 2001                       : YES
Auto BRAM Packing                  : NO
Slice Utilization Ratio Delta      : 5

=========================================================================


=========================================================================
*                          HDL Compilation                              *
=========================================================================
Compiling verilog file "DA_AD.v" in library work
Module <DA_AD> compiled
No errors in compilation
Analysis of file <"DA_AD.prj"> succeeded.
 

=========================================================================
*                     Design Hierarchy Analysis                         *
=========================================================================
Analyzing hierarchy for module <DA_AD> in library <work>.


=========================================================================
*                            HDL Analysis                               *
=========================================================================
Analyzing top module <DA_AD>.
Module <DA_AD> is correct for synthesis.
 

=========================================================================
*                           HDL Synthesis                               *
=========================================================================

Performing bidirectional port resolution...

Synthesizing Unit <DA_AD>.
    Related source file is "DA_AD.v".
    Found 1-bit register for signal <CSLD1>.
    Found 1-bit register for signal <CSLD2>.
    Found 1-bit register for signal <CSLD3>.
    Found 1-bit register for signal <SCK1>.
    Found 1-bit register for signal <SCK2>.
    Found 1-bit register for signal <SCK3>.
    Found 16-bit register for signal <count11>.
    Found 16-bit up counter for signal <count1>.
    Found 16-bit up counter for signal <count2>.
    Found 17-bit register for signal <Din1>.
    Found 17-bit register for signal <Din2>.
    Found 17-bit register for signal <Din3>.
    Found 4-bit up counter for signal <div1>.
    Found 9-bit up counter for signal <div2>.
    Found 9-bit up counter for signal <div3>.
    Found 17-bit register for signal <Dout>.
    Found 1-bit register for signal <hako>.
    Found 10-bit register for signal <IN1>.
    Found 10-bit register for signal <IN2>.
    Summary:
	inferred   5 Counter(s).
	inferred 111 D-type flip-flop(s).
Unit <DA_AD> synthesized.


=========================================================================
HDL Synthesis Report

Macro Statistics
# Counters                                             : 5
 16-bit up counter                                     : 2
 4-bit up counter                                      : 1
 9-bit up counter                                      : 2
# Registers                                            : 78
 1-bit register                                        : 75
 10-bit register                                       : 2
 16-bit register                                       : 1

=========================================================================

=========================================================================
*                       Advanced HDL Synthesis                          *
=========================================================================


=========================================================================
Advanced HDL Synthesis Report

Macro Statistics
# Counters                                             : 5
 16-bit up counter                                     : 2
 4-bit up counter                                      : 1
 9-bit up counter                                      : 2
# Registers                                            : 111
 Flip-Flops                                            : 111

=========================================================================

=========================================================================
*                         Low Level Synthesis                           *
=========================================================================

Optimizing unit <DA_AD> ...

Mapping all equations...
Building and optimizing final netlist ...
Found area constraint ratio of 100 (+ 5) on block DA_AD, actual ratio is 1.
Replicating register Din1_16 to handle IOB=TRUE attribute
Replicating register Din2_16 to handle IOB=TRUE attribute
Replicating register Din3_16 to handle IOB=TRUE attribute
Replicating register CSLD1 to handle IOB=TRUE attribute
Replicating register CSLD2 to handle IOB=TRUE attribute
Replicating register CSLD3 to handle IOB=TRUE attribute
Replicating register SCK1 to handle IOB=TRUE attribute
Replicating register SCK2 to handle IOB=TRUE attribute
Replicating register SCK3 to handle IOB=TRUE attribute


Final Macro Processing ...

Processing Unit <DA_AD> :
	Found 5-bit shift register for signal <Din1_15>.
	Found 5-bit shift register for signal <Din2_15>.
	Found 2-bit shift register for signal <Din1_0>.
	Found 2-bit shift register for signal <Din2_0>.
	Found 9-bit shift register for signal <Dout_9>.
	Found 17-bit shift register for signal <Din3_15>.
	Found 7-bit shift register for signal <Dout_16>.
Unit <DA_AD> processed.

=========================================================================
Final Register Report

Macro Statistics
# Registers                                            : 127
 Flip-Flops                                            : 127
# Shift Registers                                      : 7
 17-bit shift register                                 : 1
 2-bit shift register                                  : 2
 5-bit shift register                                  : 2
 7-bit shift register                                  : 1
 9-bit shift register                                  : 1

=========================================================================

=========================================================================
*                           Partition Report                            *
=========================================================================

Partition Implementation Status
-------------------------------

  No Partitions were found in this design.

-------------------------------

=========================================================================
*                            Final Report                               *
=========================================================================
Final Results
RTL Top Level Output File Name     : DA_AD.ngr
Top Level Output File Name         : DA_AD
Output Format                      : NGC
Optimization Goal                  : Speed
Keep Hierarchy                     : Soft

Design Statistics
# IOs                              : 28

Cell Usage :
# BELS                             : 220
#      GND                         : 1
#      INV                         : 5
#      LUT1                        : 46
#      LUT2                        : 2
#      LUT3                        : 30
#      LUT3_L                      : 1
#      LUT4                        : 34
#      LUT4_D                      : 3
#      LUT4_L                      : 1
#      MUXCY                       : 46
#      VCC                         : 1
#      XORCY                       : 50
# FlipFlops/Latches                : 134
#      FD                          : 36
#      FDE                         : 57
#      FDR                         : 9
#      FDRE                        : 32
# Shift Registers                  : 7
#      SRL16E                      : 7
# Clock Buffers                    : 1
#      BUFGP                       : 1
# IO Buffers                       : 27
#      IBUF                        : 1
#      OBUF                        : 26
=========================================================================

Device utilization summary:
---------------------------

Selected Device : 3s700afg400-4 

 Number of Slices:                       69  out of   5888     1%  
 Number of Slice Flip Flops:            109  out of  11776     0%  
 Number of 4 input LUTs:                129  out of  11776     1%  
    Number used as logic:               122
    Number used as Shift registers:       7
 Number of IOs:                          28
 Number of bonded IOBs:                  28  out of    311     9%  
    IOB Flip Flops:                      25
 Number of GCLKs:                         1  out of     24     4%  

---------------------------
Partition Resource Summary:
---------------------------

  No Partitions were found in this design.

---------------------------


=========================================================================
TIMING REPORT

NOTE: THESE TIMING NUMBERS ARE ONLY A SYNTHESIS ESTIMATE.
      FOR ACCURATE TIMING INFORMATION PLEASE REFER TO THE TRACE REPORT
      GENERATED AFTER PLACE-and-ROUTE.

Clock Information:
------------------
-----------------------------------+------------------------+-------+
Clock Signal                       | Clock buffer(FF name)  | Load  |
-----------------------------------+------------------------+-------+
CLK                                | BUFGP                  | 141   |
-----------------------------------+------------------------+-------+

Asynchronous Control Signals Information:
----------------------------------------
No asynchronous control signals found in this design

Timing Summary:
---------------
Speed Grade: -4

   Minimum period: 5.694ns (Maximum Frequency: 175.623MHz)
   Minimum input arrival time before clock: 2.244ns
   Maximum output required time after clock: 5.531ns
   Maximum combinational path delay: No path found

Timing Detail:
--------------
All values displayed in nanoseconds (ns)

=========================================================================
Timing constraint: Default period analysis for Clock 'CLK'
  Clock period: 5.694ns (frequency: 175.623MHz)
  Total number of paths / destination ports: 2148 / 278
-------------------------------------------------------------------------
Delay:               5.694ns (Levels of Logic = 3)
  Source:            count2_13 (FF)
  Destination:       count1_0 (FF)
  Source Clock:      CLK rising
  Destination Clock: CLK rising

  Data Path: count2_13 to count1_0
                                Gate     Net
    Cell:in->out      fanout   Delay   Delay  Logical Name (Net Name)
    ----------------------------------------  ------------
     FDRE:C->Q             2   0.591   0.590  count2_13 (count2_13)
     LUT4:I0->O            1   0.648   0.563  count11_cmp_eq0000112 (count11_cmp_eq0000112)
     LUT4_D:I0->LO         1   0.648   0.103  count11_cmp_eq0000164 (N7)
     LUT4:I3->O           16   0.648   1.034  count1_and00001 (count1_and0000)
     FDRE:R                    0.869          count1_0
    ----------------------------------------
    Total                      5.694ns (3.404ns logic, 2.290ns route)
                                       (59.8% logic, 40.2% route)

=========================================================================
Timing constraint: Default OFFSET IN BEFORE for Clock 'CLK'
  Total number of paths / destination ports: 1 / 1
-------------------------------------------------------------------------
Offset:              2.244ns (Levels of Logic = 2)
  Source:            SDOUT (PAD)
  Destination:       Dout_0 (FF)
  Destination Clock: CLK rising

  Data Path: SDOUT to Dout_0
                                Gate     Net
    Cell:in->out      fanout   Delay   Delay  Logical Name (Net Name)
    ----------------------------------------  ------------
     IBUF:I->O             1   0.849   0.500  SDOUT_IBUF (SDOUT_IBUF)
     LUT3:I1->O            1   0.643   0.000  Dout_0_mux00001 (Dout_0_mux0000)
     FDE:D                     0.252          Dout_0
    ----------------------------------------
    Total                      2.244ns (1.744ns logic, 0.500ns route)
                                       (77.7% logic, 22.3% route)

=========================================================================
Timing constraint: Default OFFSET OUT AFTER for Clock 'CLK'
  Total number of paths / destination ports: 25 / 25
-------------------------------------------------------------------------
Offset:              5.531ns (Levels of Logic = 1)
  Source:            Din1_16 (FF)
  Destination:       SDIN1 (PAD)
  Source Clock:      CLK rising

  Data Path: Din1_16 to SDIN1
                                Gate     Net
    Cell:in->out      fanout   Delay   Delay  Logical Name (Net Name)
    ----------------------------------------  ------------
     FDE:C->Q              1   0.591   0.420  Din1_16 (Din1_16)
     OBUF:I->O                 4.520          SDIN1_OBUF (SDIN1)
    ----------------------------------------
    Total                      5.531ns (5.111ns logic, 0.420ns route)
                                       (92.4% logic, 7.6% route)

=========================================================================


Total REAL time to Xst completion: 6.00 secs
Total CPU time to Xst completion: 5.88 secs
 
--> 

Total memory usage is 265740 kilobytes

Number of errors   :    0 (   0 filtered)
Number of warnings :    0 (   0 filtered)
Number of infos    :    0 (   0 filtered)

